Traceback (most recent call last):
  File "/Users/furui/envs/zeropro-book2025/lib/python3.11/site-packages/jupyter_core/utils/__init__.py", line 154, in wrapped
    asyncio.get_running_loop()
RuntimeError: no running event loop

During handling of the above exception, another exception occurred:

Traceback (most recent call last):
  File "/Users/furui/envs/zeropro-book2025/lib/python3.11/site-packages/jupyter_cache/executors/utils.py", line 58, in single_nb_execution
    executenb(
  File "/Users/furui/envs/zeropro-book2025/lib/python3.11/site-packages/nbclient/client.py", line 1319, in execute
    return NotebookClient(nb=nb, resources=resources, km=km, **kwargs).execute()
           ^^^^^^^^^^^^^^^^^^^^^^^^^^^^^^^^^^^^^^^^^^^^^^^^^^^^^^^^^^^^^^^^^^^^^
  File "/Users/furui/envs/zeropro-book2025/lib/python3.11/site-packages/jupyter_core/utils/__init__.py", line 158, in wrapped
    return loop.run_until_complete(inner)
           ^^^^^^^^^^^^^^^^^^^^^^^^^^^^^^
  File "/Users/furui/.pyenv/versions/3.11.3/lib/python3.11/asyncio/base_events.py", line 653, in run_until_complete
    return future.result()
           ^^^^^^^^^^^^^^^
  File "/Users/furui/envs/zeropro-book2025/lib/python3.11/site-packages/nbclient/client.py", line 709, in async_execute
    await self.async_execute_cell(
  File "/Users/furui/envs/zeropro-book2025/lib/python3.11/site-packages/nbclient/client.py", line 1062, in async_execute_cell
    await self._check_raise_for_error(cell, cell_index, exec_reply)
  File "/Users/furui/envs/zeropro-book2025/lib/python3.11/site-packages/nbclient/client.py", line 918, in _check_raise_for_error
    raise CellExecutionError.from_cell_and_msg(cell, exec_reply_content)
nbclient.exceptions.CellExecutionError: An error occurred while executing the following cell:
------------------
a = 3
b = 3
if a == b:
print(f'{a}ã¨{b}ã¯ç­‰ã—ã„ã§ã™ï¼') # ifæ–‡ã®å¾Œã«ã‚¤ãƒ³ãƒ‡ãƒ³ãƒˆã‚’å…¥ã‚Œå¿˜ã‚Œã¦ã„ã‚‹
------------------


[0;36m  Cell [0;32mIn[25], line 4[0;36m[0m
[0;31m    print(f'{a}ã¨{b}ã¯ç­‰ã—ã„ã§ã™ï¼') # ifæ–‡ã®å¾Œã«ã‚¤ãƒ³ãƒ‡ãƒ³ãƒˆã‚’å…¥ã‚Œå¿˜ã‚Œã¦ã„ã‚‹[0m
[0m    ^[0m
[0;31mIndentationError[0m[0;31m:[0m expected an indented block


